Hint: used config file '/home/ege/.choosenim/toolchains/nim-1.6.6/config/nim.cfg' [Conf]
Hint: used config file '/home/ege/.choosenim/toolchains/nim-1.6.6/config/config.nims' [Conf]
.....................................................................................................................
/home/ege/Documents/nim/nimbox/progs/basename/basename.nim(1, 8) Warning: imported and not used: 'cligen' [UnusedImport]
/home/ege/Documents/nim/nimbox/progs/basename/basename.nim(1, 46) Warning: imported and not used: 'constants' [UnusedImport]
......................
/home/ege/Documents/nim/nimbox/progs/cat/cat.nim(1, 8) Warning: imported and not used: 'cligen' [UnusedImport]
/home/ege/Documents/nim/nimbox/progs/cat/cat.nim(1, 54) Warning: imported and not used: 'constants' [UnusedImport]
.
/home/ege/Documents/nim/nimbox/progs/clear/clear.nim(1, 8) Warning: imported and not used: 'cligen' [UnusedImport]
/home/ege/Documents/nim/nimbox/progs/clear/clear.nim(1, 42) Warning: imported and not used: 'constants' [UnusedImport]
.
/home/ege/Documents/nim/nimbox/progs/cp/cp.nim(1, 8) Warning: imported and not used: 'cligen' [UnusedImport]
/home/ege/Documents/nim/nimbox/progs/cp/cp.nim(1, 57) Warning: imported and not used: 'constants' [UnusedImport]
.
/home/ege/Documents/nim/nimbox/progs/dirname/dirname.nim(1, 8) Warning: imported and not used: 'cligen' [UnusedImport]
/home/ege/Documents/nim/nimbox/progs/dirname/dirname.nim(1, 36) Warning: imported and not used: 'constants' [UnusedImport]
.
/home/ege/Documents/nim/nimbox/progs/echo/echo.nim(1, 8) Warning: imported and not used: 'cligen' [UnusedImport]
/home/ege/Documents/nim/nimbox/progs/echo/echo.nim(1, 28) Warning: imported and not used: 'constants' [UnusedImport]
.........................
/home/ege/Documents/nim/nimbox/progs/httpd/httpd.nim(1, 81) Warning: imported and not used: 'constants' [UnusedImport]
.
/home/ege/Documents/nim/nimbox/progs/mkdir/mkdir.nim(1, 8) Warning: imported and not used: 'cligen' [UnusedImport]
/home/ege/Documents/nim/nimbox/progs/mkdir/mkdir.nim(1, 57) Warning: imported and not used: 'constants' [UnusedImport]
.
/home/ege/Documents/nim/nimbox/progs/more/more.nim(1, 8) Warning: imported and not used: 'cligen' [UnusedImport]
/home/ege/Documents/nim/nimbox/progs/more/more.nim(1, 59) Warning: imported and not used: 'constants' [UnusedImport]
.
/home/ege/Documents/nim/nimbox/progs/mv/mv.nim(1, 8) Warning: imported and not used: 'cligen' [UnusedImport]
/home/ege/Documents/nim/nimbox/progs/mv/mv.nim(1, 57) Warning: imported and not used: 'constants' [UnusedImport]
.
/home/ege/Documents/nim/nimbox/progs/nproc/nproc.nim(1, 8) Warning: imported and not used: 'cligen' [UnusedImport]
/home/ege/Documents/nim/nimbox/progs/nproc/nproc.nim(1, 36) Warning: imported and not used: 'constants' [UnusedImport]
.
/home/ege/Documents/nim/nimbox/progs/printenv/printenv.nim(1, 8) Warning: imported and not used: 'cligen' [UnusedImport]
/home/ege/Documents/nim/nimbox/progs/printenv/printenv.nim(1, 36) Warning: imported and not used: 'constants' [UnusedImport]
.
/home/ege/Documents/nim/nimbox/progs/pwd/pwd.nim(1, 8) Warning: imported and not used: 'cligen' [UnusedImport]
/home/ege/Documents/nim/nimbox/progs/pwd/pwd.nim(1, 36) Warning: imported and not used: 'constants' [UnusedImport]
.
/home/ege/Documents/nim/nimbox/progs/rm/rm.nim(1, 8) Warning: imported and not used: 'cligen' [UnusedImport]
/home/ege/Documents/nim/nimbox/progs/rm/rm.nim(1, 57) Warning: imported and not used: 'constants' [UnusedImport]
.
/home/ege/Documents/nim/nimbox/progs/touch/touch.nim(1, 8) Warning: imported and not used: 'cligen' [UnusedImport]
/home/ege/Documents/nim/nimbox/progs/touch/touch.nim(1, 56) Warning: imported and not used: 'constants' [UnusedImport]
...
/home/ege/Documents/nim/nimbox/progs/uname/uname.nim(1, 8) Warning: imported and not used: 'cligen' [UnusedImport]
/home/ege/Documents/nim/nimbox/progs/uname/uname.nim(1, 41) Warning: imported and not used: 'constants' [UnusedImport]
.
/home/ege/Documents/nim/nimbox/progs/uptime/uptime.nim(1, 68) Warning: imported and not used: 'constants' [UnusedImport]
........
/home/ege/Documents/nim/nimbox/progs/wget/wget.nim(1, 96) Warning: imported and not used: 'constants' [UnusedImport]
.
/home/ege/Documents/nim/nimbox/progs/yes/yes.nim(1, 28) Warning: imported and not used: 'constants' [UnusedImport]
/home/ege/Documents/nim/nimbox/nimbox.nim(2, 14) Warning: imported and not used: 'constants' [UnusedImport]
Hint:  [Link]
Hint: gc: refc; opt: speed; options: -d:release
138496 lines; 4.611s; 278.93MiB peakmem; proj: /home/ege/Documents/nim/nimbox/nimbox.nim; out: /home/ege/Documents/nim/nimbox/nimbox [SuccessX]
